Start PnjBKZ cost test...
kappa      dim        sieve_dim  AvgT/s     AvgRAM/GB 
0          180        51         9.88
0          180        53         9.88
0          180        55         10.12
0          180        57         10.67
0          180        59         11.69
0          180        61         12.49
0          180        63         13.49
0          180        65        17.27
0          180        67        19.36
0          180        69        22.24
0          180        71        23.47
0          180        73        24.57
0          180        75        26.41
0          180        77        27.8
0          180        79        29.55
0          180        81        32.72
0          180        83        35.84
0          180        85        41.2
0          180        87        51.97
0          180        89        62.98
0          180        91        80.67
0          180        93        105.62
0          180        95        132.27
0          180        97        175.06
0          180        99        230.55
0          180        101        304.18
0          180        103        405.91
0          180        105        554.64
0          180        107        739
0          180        109        1012.55
0          180        111        1407.37
0          180        113        1908.88
0          180        115        2720.43
0          180        117        3912.69
0          180        119        5580.1
0          180        121        8352.5
0          180        123        12011.37    46.85
0          180        125        18268.81    61.45
0          180        127        27732.16    79.18
0          180        129        46577.71    128.04
0          180        131        80792.87    167.12