Start PnjBKZ cost test...
beta       jump       sieve_dim  AvgT/s     AvgRAM/GB 
152 152
51         1          46         492.38     1.85      
78 78
51         2          46         260.22     1.92      
52 52
51         3          46         178.48     1.94      
41 41
51         4          46         142.69     1.97      
33 33
51         5          46         114.06     1.99      
27 27
51         6          46         95.32      2.01      
152 152
53         1          47         519.92     2.03      
77 77
53         2          47         266.88     2.05      
52 52
53         3          47         181.24     2.07      
40 40
53         4          47         141.39     2.09      
32 32
53         5          47         113.66     2.12      
27 27
53         6          47         95.57      2.14      
152 152
55         1          48         538.09     2.16      
78 78
55         2          48         278.82     2.18      
53 53
55         3          48         191.22     2.19      
40 40
55         4          48         146.99     2.21      
32 32
55         5          48         118.41     2.23      
28 28
55         6          48         103.98     2.25      
152 152
57         1          49         526.37     2.27      
77 77
57         2          49         270.8      2.29      
52 52
57         3          49         185.6      2.32      
39 39
57         4          49         140.71     2.34      
32 32
57         5          49         117.49     2.36      
28 28
57         6          49         102.21     2.38      
152 152
59         1          50         542.73     2.39      
78 78
59         2          50         284.37     2.43      
52 52
59         3          50         191.23     2.45      
41 41
59         4          50         153.87     2.47      
33 33
59         5          50         125.37     2.49      
28 28
59         6          50         107.0      2.5       
152 152
61         1          51         561.77     2.52      
77 77
61         2          51         293.52     2.54      
53 53
61         3          51         204.28     2.56      
40 40
61         4          51         155.8      2.59      
33 33
61         5          51         130.7      2.61      
27 27
61         6          51         107.31     2.63      
152 152
63         1          52         587.33     2.65      
78 78
63         2          52         305.2      2.67      
52 52
63         3          52         208.75     2.68      
40 40
63         4          52         162.49     2.7       
32 32
63         5          52         129.13     2.72      
27 27
63         6          52         110.37     2.76      
152 152
65         1          53         599.13     2.76      
77 77
65         2          53         311.67     2.8       
52 52
65         3          53         213.41     2.81      
39 39
65         4          53         157.78     2.83      
32 32
65         5          53         129.93     2.85      
27 27
65         6          53         110.83     2.87      
152 152
67         1          54         624.51     2.88      
78 78
67         2          54         324.05     2.9       
53 53
67         3          54         219.73     2.92      
41 41
67         4          54         172.56     2.96      
32 32
67         5          54         136.74     2.97      
28 28
67         6          54         121.17     2.99      
152 152
69         1          55         624.91     3.01      
77 77
69         2          55         321.71     3.03      
52 52
69         3          55         219.5      3.04      
40 40
69         4          55         173.03     3.06      
33 33
69         5          55         142.24     3.08      
28 28
69         6          55         120.07     3.12      
24 24
69         7          55         106.29     3.13      
152 152
71         1          56         636.61     3.15      
78 78
71         2          56         337.42     3.17      
52 52
71         3          56         230.88     3.18      
40 40
71         4          56         180.13     3.2       
33 33
71         5          56         148.77     3.22      
28 28
71         6          56         128.06     3.24      
23 23
71         7          56         105.94     3.25      
152 152
73         1          57         672.44     3.27      
77 77
73         2          57         347.75     3.31      
53 53
73         3          57         238.82     3.33      
39 39
73         4          57         177.39     3.34      
32 32
73         5          57         150.17     3.36      
27 27
73         6          57         128.86     3.38      
23 23
73         7          57         110.27     3.4       
21 21
73         8          57         98.72      3.41      
152 152
75         1          58         696.8      3.43      
78 78
75         2          58         365.39     3.47      
52 52
75         3          58         248.95     3.48      
41 41
75         4          58         194.6      3.5       
32 32
75         5          58         155.9      3.52      
27 27
75         6          58         131.2      3.54      
25 25
75         7          58         120.82     3.55      
21 21
75         8          58         103.08     3.57      
150 150
77         1          60         732.9      3.59      
77 77
77         2          60         391.7      3.63      
52 52
77         3          60         268.24     3.64      
40 40
77         4          60         206.56     3.66      
32 32
77         5          60         168.78     3.68      
27 27
77         6          60         142.19     3.7       
24 24
77         7          60         127.54     3.71      
21 21
77         8          60         112.54     3.73      
148 148
79         1          62         793.43     3.77      
76 76
79         2          62         420.57     3.76      
51 51
79         3          62         280.49     3.79      
40 40
79         4          62         226.18     3.81      
31 31
79         5          62         177.89     3.83      
26 26
79         6          62         149.8      3.84      
24 24
79         7          62         138.82     3.86      
21 21
79         8          62         123.01     3.88      
146 146
81         1          64         841.18     3.93      
75 75
81         2          64         453.85     3.94      
50 50
81         3          64         306.29     3.95      
39 39
81         4          64         244.92     3.95      
31 31
81         5          64         196.89     3.99      
26 26
81         6          64         166.17     4.01      
24 24
81         7          64         151.48     4.03      
20 20
81         8          64         130.45     4.05      
144 144
83         1          66         1185.13    4.24      
74 74
83         2          66         622.91     4.25      
50 50
83         3          66         430.82     4.26      
39 39
83         4          66         337.51     4.28      
30 30
83         5          66         265.49     4.3       
26 26
83         6          66         232.31     4.32      
24 24
83         7          66         215.52     4.33      
20 20
83         8          66         182.51     4.35      
142 142
85         1          68         1288.91    4.38      
73 73
85         2          68         677.78     4.4       
49 49
85         3          68         461.38     4.42      
38 38
85         4          68         362.65     4.45      
30 30
85         5          68         292.13     4.46      
25 25
85         6          68         245.02     4.48      
23 23
85         7          68         227.75     4.5       
20 20
85         8          68         202.51     4.52      
142 142
87         1          69         1357.4     4.55      
72 72
87         2          69         716.09     4.57      
48 48
87         3          69         482.1      4.6       
38 38
87         4          69         388.46     4.61      
30 30
87         5          69         310.67     4.63      
25 25
87         6          69         261.73     4.65      
23 23
87         7          69         244.79     4.68      
20 20
87         8          69         214.18     4.7       
18 18
87         9          69         193.07     4.72      
140 140
89         1          71         1462.74    4.9       
71 71
89         2          71         769.54     4.96      
48 48
89         3          71         525.11     4.98      
37 37
89         4          71         413.62     5.0       
29 29
89         5          71         330.0      5.02      
25 25
89         6          71         283.5      5.04      
23 23
89         7          71         266.31     5.06      
19 19
89         8          71         223.73     5.07      
18 18
89         9          71         210.24     5.09      
138 138
91         1          73         1555.85    5.14      
70 70
91         2          73         824.59     5.18      
47 47
91         3          73         558.6      5.19      
37 37
91         4          73         442.39     5.21      
29 29
91         5          73         350.02     5.23      
24 24
91         6          73         299.6      5.25      
22 22
91         7          73         271.72     5.27      
19 19
91         8          73         236.84     5.29      
18 18
91         9          73         225.03     5.31      
136 136
93         1          75         1673.96    5.37      
69 69
93         2          75         884.77     5.41      
46 46
93         3          75         595.3      5.43      
36 36
93         4          75         473.94     5.45      
28 28
93         5          75         373.06     5.46      
24 24
93         6          75         321.68     5.48      
22 22
93         7          75         294.39     5.5       
19 19
93         8          75         262.1      5.52      
18 18
93         9          75         245.79     5.53      
134 134
95         1          77         1808.58    5.61      
68 68
95         2          77         945.42     5.65      
46 46
95         3          77         657.26     5.67      
36 36
95         4          77         516.6      5.69      
28 28
95         5          77         406.63     5.71      
24 24
95         6          77         352.98     5.72      
22 22
95         7          77         325.88     5.74      
19 19
95         8          77         288.6      5.76      
18 18
95         9          77         270.21     5.78      
132 132
97         1          79         1934.07    5.87      
67 67
97         2          79         1024.92    5.91      
45 45
97         3          79         691.16     5.92      
35 35
97         4          79         555.04     5.94      
28 28
97         5          79         448.89     5.96      
23 23
97         6          79         378.9      5.98      
22 22
97         7          79         363.51     5.99      
18 18
97         8          79         300.57     6.01      
17 17
97         9          79         292.02     6.03      
130 130
99         1          81         2138.91    6.15      
66 66
99         2          81         1118.91    6.2       
44 44
99         3          81         750.32     6.22      
35 35
99         4          81         608.44     6.23      
27 27
99         5          81         484.58     6.25      
23 23
99         6          81         427.22     6.27      
21 21
99         7          81         390.01     6.29      
18 18
99         8          81         341.38     6.3       
17 17
99         9          81         320.18     6.32      
130 130
101        1          82         2270.61    6.4       
67 67
101        2          82         1210.2     6.42      
46 46
101        3          82         839.06     6.41      
34 34
101        4          82         637.69     6.46      
29 29
101        5          82         549.82     6.48      
25 25
101        6          82         487.74     6.49      
21 21
101        7          82         408.22     6.51      
18 18
101        8          82         364.42     6.53      
17 17
101        9          82         338.74     6.55      
128 128
103        1          84         2517.87    6.74      
66 66
103        2          84         1327.26    6.75      
45 45
103        3          84         935.04     6.78      
34 34
103        4          84         724.78     6.8       
28 28
103        5          84         599.74     6.82      
24 24
103        6          84         523.58     6.84      
21 21
103        7          84         470.93     6.86      
18 18
103        8          84         419.98     6.88      
17 17
103        9          84         383.88     6.91      
126 126
105        1          86         2934.18    7.16      
65 65
105        2          86         1561.53    7.18      
44 44
105        3          86         1066.19    7.21      
33 33
105        4          86         836.76     7.23      
28 28
105        5          86         717.04     7.25      
24 24
105        6          86         618.65     7.27      
20 20
105        7          86         522.49     7.29      
17 17
105        8          86         468.78     7.31      
16 16
105        9          86         445.62     7.33      
124 124
107        1          88         3389.44    7.72      
64 64
107        2          88         1824.23    7.72      
44 44
107        3          88         1295.92    7.73      
33 33
107        4          88         1000.67    7.74      
28 28
107        5          88         860.44     7.76      
24 24
107        6          88         739.13     7.78      
20 20
107        7          88         637.49     7.79      
17 17
107        8          88         556.78     7.81      
16 16
107        9          88         528.89     7.83      
122 122
109        1          90         4106.17    8.24      
63 63
109        2          90         2167.02    8.26      
43 43
109        3          90         1508.09    8.28      
32 32
109        4          90         1145.96    8.31      
27 27
109        5          90         997.72     8.33      
23 23
109        6          90         854.18     8.35      
20 20
109        7          90         776.68     8.36      
17 17
109        8          90         671.19     8.38      
16 16
109        9          90         628.96     8.4       
120 120
111        1          92         4979.35    8.94      
62 62
111        2          92         2667.91    8.96      
42 42
111        3          92         1837.22    8.99      
32 32
111        4          92         1449.48    9.0       
27 27
111        5          92         1251.22    9.03      
23 23
111        6          92         1081.55    9.05      
20 20
111        7          92         961.27     9.07      
17 17
111        8          92         838.34     9.09      
16 16
111        9          92         798.1      9.11      
118 118
113        1          94         6211.15    9.83      
61 61
113        2          94         3476.66    9.85      
42 42
113        3          94         2453.15    9.88      
31 31
113        4          94         1840.72    9.9       
26 26
113        5          94         1608.75    9.92      
23 23
113        6          94         1416.55    9.95      
19 19
113        7          94         1169.35    9.97      
16 16
113        8          94         1067.4     9.99      
16 16
113        9          94         1070.6     10.01     
118 118
115        1          95         7173.81    10.46     
60 60
115        2          95         3677.18    10.48     
41 41
115        3          95         2631.79    10.51     
31 31
115        4          95         2090.25    10.52     
26 26
115        5          95         1708.67    10.55     
22 22
115        6          95         1461.03    10.56     
19 19
115        7          95         1333.64    10.59     
16 16
115        8          95         1126.4     10.6      
15 15
115        9          95         1116.77    10.63     
15 15
115        10         95         1084.12    10.65     
116 116
117        1          97         9488.26    11.89     
59 59
117        2          97         4927.35    11.9      
40 40
117        3          97         3521.05    11.94     
30 30
117        4          97         2523.91    11.95     
26 26
117        5          97         2240.91    11.99     
22 22
117        6          97         1936.26    11.99     
19 19
117        7          97         1717.83    12.03     
16 16
117        8          97         1486.07    12.03     
15 15
117        9          97         1397.38    12.07     
15 15
117        10         97         1427.59    12.07     
114 114
119        1          99         11879.46   13.54     
58 58
119        2          99         6324.28    13.56     
40 40
119        3          99         4549.16    13.6      
30 30
119        4          99         3572.09    13.6      
25 25
119        5          99         3054.33    13.64     
22 22
119        6          99         2564.23    13.65     
18 18
119        7          99         2212.64    13.69     
16 16
119        8          99         2004.31    13.69     
