EnumBS Strategy Generation:v1. beta_start= 50, gap = 1, J = 100, J_gap = 1, cost_model = 3, max_loop = 5,  G_prec = 1.000000e-03,  slope_prec = 1.000000e-04,  progressive_sieve = True, worst_case = 0, succ_prob = 0.999, threads = 10, Find expected minimum time cost strategy, average_case, practical_pnjbkz_d4f = 3, practical_pump_d4f = 5, adjust beta_ as after 2023.1.31 [WWW, asiaccs2023], jump upper bound = min(asiaccs_d4f(beta,slope), pessitive d4f(beta)).

-------------------------
Primal attack, LWE challenge n=80, alpha=0.0050
Chose 270 samples. Predict solution at bkz-100 + svp-132

GSO precision:  dd
||b_1|| = 41229241, target_norm = 417447
Intial Slope = -0.06533, dim = 271, dvol = 725.6903453632000

Cost for generate strategy through EnumBS: 367.35 sec
Blocksize Strategy: [(60, 8, 1), (66, 9, 1), (80, 10, 1), (81, 10, 1), (102, 11, 3), (106, 11, 1), (114, 12, 1), (118, 12, 1), (119, 11, 1)]

Starting a pnjBKZ-60-8 tour. 

 k:0, b:50, f:0 , minimumt: 0.2189 GB 
Find the expected minimal  Strategy through EumBS!!
bs = (slope = -3.727174e-02, G_BKZ = 4.764064e+00 log2(sec), B_BKZ = 3.014286e+01 log2(bit), cum-pr = 4.185337e-03, pump-{120,151,15}, G_dsvp = 1.353561e+01 log2(sec), B_dsvp = 3.834646e+01 bit, G = 1.353891e+01 log2(sec), B = 3.834646e+01 log2(bit),  min_GB.first = 1.353891e+01 log2(sec))
S(beta,jump,tours):[(60,8,1),(66,9,1),(80,10,1),(81,10,1),(102,11,3),(106,11,1),(114,12,1),(118,12,1),(119,11,1)]
Min Cost = 13.54 log2(sec) = 11901.91 s, Memory Cost = 38.35 log2(bit) = 40.82 GB 

 k:0, b:58, f:8 , RAM cost: 1.6817 GB 
 k:0, b:66, f:16 , RAM cost: 1.6872 GB 
 k:0, b:72, f:22 , RAM cost: 1.6891 GB 
 k:8, b:72, f:22 , RAM cost: 1.6912 GB 
 k:16, b:72, f:22 , RAM cost: 1.6952 GB 
 k:24, b:72, f:22 , RAM cost: 1.6976 GB 
 k:32, b:72, f:22 , RAM cost: 1.6995 GB 
 k:40, b:72, f:22 , RAM cost: 1.7020 GB 
 k:48, b:72, f:22 , RAM cost: 1.7042 GB 
 k:56, b:72, f:22 , RAM cost: 1.7063 GB 
 k:64, b:72, f:22 , RAM cost: 1.7085 GB 
 k:72, b:72, f:22 , RAM cost: 1.7128 GB 
 k:80, b:72, f:22 , RAM cost: 1.7170 GB 
 k:88, b:72, f:22 , RAM cost: 1.7192 GB 
 k:96, b:72, f:22 , RAM cost: 1.7212 GB 
 k:104, b:72, f:22 , RAM cost: 1.7258 GB 
 k:112, b:72, f:22 , RAM cost: 1.7259 GB 
 k:120, b:72, f:22 , RAM cost: 1.7298 GB 
 k:128, b:72, f:22 , RAM cost: 1.7301 GB 
 k:136, b:72, f:22 , RAM cost: 1.7300 GB 
 k:144, b:72, f:22 , RAM cost: 1.7302 GB 
 k:152, b:72, f:22 , RAM cost: 1.7301 GB 
 k:160, b:72, f:22 , RAM cost: 1.7303 GB 
 k:168, b:72, f:22 , RAM cost: 1.7322 GB 
 k:176, b:72, f:22 , RAM cost: 1.7323 GB 
 k:184, b:72, f:22 , RAM cost: 1.7343 GB 
 k:192, b:72, f:22 , RAM cost: 1.7364 GB 
 k:199, b:72, f:22 , RAM cost: 1.7365 GB 
 k:207, b:64, f:14 , RAM cost: 1.7386 GB 
 k:215, b:56, f:6 , RAM cost: 1.7387 GB 
 k:221, b:50, f:0  , RAM cost: 1.7385 GB  
 k:221, b:50, f:0 

slope: -0.05833,||b_1|| = 41229241, target_norm = 417447, BKZ cost: 194.955 s, walltime: 194.955 sec, memory cost = 1.74 GB 
Starting a pnjBKZ-66-9 tour. 

 k:0, b:53, f:0 , RAM cost: 1.7408 GB 
 k:0, b:62, f:9 , RAM cost: 1.7428 GB 
 k:0, b:71, f:18 , RAM cost: 1.7427 GB 
 k:0, b:78, f:25 , RAM cost: 1.7426 GB 
 k:9, b:78, f:25 , RAM cost: 1.7427 GB 
 k:18, b:78, f:25 , RAM cost: 1.7429 GB 
 k:27, b:78, f:25 , RAM cost: 1.7427 GB 
 k:36, b:78, f:25 , RAM cost: 1.7431 GB 
 k:45, b:78, f:25 , RAM cost: 1.7431 GB 
 k:54, b:78, f:25 , RAM cost: 1.7429 GB 
 k:63, b:78, f:25 , RAM cost: 1.7429 GB 
 k:72, b:78, f:25 , RAM cost: 1.7431 GB 
 k:81, b:78, f:25 , RAM cost: 1.7431 GB 
 k:90, b:78, f:25 , RAM cost: 1.7430 GB 
 k:99, b:78, f:25 , RAM cost: 1.7434 GB 
 k:108, b:78, f:25 , RAM cost: 1.7431 GB 
 k:117, b:78, f:25 , RAM cost: 1.7433 GB 
 k:126, b:78, f:25 , RAM cost: 1.7432 GB 
 k:135, b:78, f:25 , RAM cost: 1.7433 GB 
 k:144, b:78, f:25 , RAM cost: 1.7435 GB 
 k:153, b:78, f:25 , RAM cost: 1.7433 GB 
 k:162, b:78, f:25 , RAM cost: 1.7436 GB 
 k:171, b:78, f:25 , RAM cost: 1.7435 GB 
 k:180, b:78, f:25 , RAM cost: 1.7436 GB 
 k:189, b:78, f:25 , RAM cost: 1.7436 GB 
 k:193, b:78, f:25 , RAM cost: 1.7436 GB 
 k:202, b:69, f:16 , RAM cost: 1.7437 GB 
 k:211, b:60, f:7 , RAM cost: 1.7437 GB 
 k:218, b:53, f:0  , RAM cost: 1.7437 GB  
 k:218, b:53, f:0 

slope: -0.05483,||b_1|| = 41229241, target_norm = 417447, BKZ cost: 187.688 s, walltime: 382.644 sec, memory cost = 1.74 GB 
Starting a pnjBKZ-80-10 tour. 

 k:0, b:63, f:0 , RAM cost: 1.7436 GB 
 k:0, b:73, f:10 , RAM cost: 1.7528 GB 
 k:0, b:83, f:20 , RAM cost: 1.7530 GB 
 k:0, b:92, f:29 , RAM cost: 1.7530 GB 
 k:10, b:92, f:29 , RAM cost: 1.7530 GB 
 k:20, b:92, f:29 , RAM cost: 1.7531 GB 
 k:30, b:92, f:29 , RAM cost: 1.7531 GB 
 k:40, b:92, f:29 , RAM cost: 1.7550 GB 
 k:50, b:92, f:29 , RAM cost: 1.7552 GB 
 k:60, b:92, f:29 , RAM cost: 1.7552 GB 
 k:70, b:92, f:29 , RAM cost: 1.7553 GB 
 k:80, b:92, f:29 , RAM cost: 1.7553 GB 
 k:90, b:92, f:29 , RAM cost: 1.7554 GB 
 k:100, b:92, f:29 , RAM cost: 1.7554 GB 
 k:110, b:92, f:29 , RAM cost: 1.7553 GB 
 k:120, b:92, f:29 , RAM cost: 1.7555 GB 
 k:130, b:92, f:29 , RAM cost: 1.7554 GB 
 k:140, b:92, f:29 , RAM cost: 1.7556 GB 
 k:150, b:92, f:29 , RAM cost: 1.7556 GB 
 k:160, b:92, f:29 , RAM cost: 1.7555 GB 
 k:170, b:92, f:29 , RAM cost: 1.7556 GB 
 k:179, b:92, f:29 , RAM cost: 1.7557 GB 
 k:189, b:82, f:19 , RAM cost: 1.7557 GB 
 k:199, b:72, f:9 , RAM cost: 1.7556 GB 
 k:208, b:63, f:0  , RAM cost: 1.7557 GB  
 k:208, b:63, f:0 

slope: -0.05130,||b_1|| = 41229241, target_norm = 417447, BKZ cost: 249.512 s, walltime: 632.157 sec, memory cost = 1.76 GB 
Starting a pnjBKZ-81-10 tour. 

 k:0, b:64, f:0 , RAM cost: 1.7557 GB 
 k:0, b:74, f:10 , RAM cost: 1.7568 GB 
 k:0, b:84, f:20 , RAM cost: 1.7568 GB 
 k:0, b:93, f:29 , RAM cost: 1.7568 GB 
 k:10, b:93, f:29 , RAM cost: 1.7568 GB 
 k:20, b:93, f:29 , RAM cost: 1.7568 GB 
 k:30, b:93, f:29 , RAM cost: 1.7569 GB 
 k:40, b:93, f:29 , RAM cost: 1.7567 GB 
 k:50, b:93, f:29 , RAM cost: 1.7569 GB 
 k:60, b:93, f:29 , RAM cost: 1.7569 GB 
 k:70, b:93, f:29 , RAM cost: 1.7570 GB 
 k:80, b:93, f:29 , RAM cost: 1.7570 GB 
 k:90, b:93, f:29 , RAM cost: 1.7569 GB 
 k:100, b:93, f:29 , RAM cost: 1.7568 GB 
 k:110, b:93, f:29 , RAM cost: 1.7568 GB 
 k:120, b:93, f:29 , RAM cost: 1.7567 GB 
 k:130, b:93, f:29 , RAM cost: 1.7569 GB 
 k:140, b:93, f:29 , RAM cost: 1.7569 GB 
 k:150, b:93, f:29 , RAM cost: 1.7571 GB 
 k:160, b:93, f:29 , RAM cost: 1.7570 GB 
 k:170, b:93, f:29 , RAM cost: 1.7570 GB 
 k:178, b:93, f:29 , RAM cost: 1.7570 GB 
 k:188, b:83, f:19 , RAM cost: 1.7572 GB 
 k:198, b:73, f:9 , RAM cost: 1.7570 GB 
 k:207, b:64, f:0  , RAM cost: 1.7572 GB  
 k:207, b:64, f:0 

slope: -0.04894,||b_1|| = 41229241, target_norm = 417447, BKZ cost: 280.911 s, walltime: 913.068 sec, memory cost = 1.76 GB 
Starting a pnjBKZ-102-11 tour. 

 k:0, b:83, f:0 , RAM cost: 1.7571 GB saturation issue: weakening pump.

 k:0, b:94, f:11 , RAM cost: 1.9275 GB 
 k:0, b:105, f:22 , RAM cost: 1.9295 GB 
 k:0, b:114, f:31 , RAM cost: 1.9296 GB 
 k:11, b:114, f:31 , RAM cost: 1.9300 GB 
 k:22, b:114, f:31 , RAM cost: 1.9331 GB 
 k:33, b:114, f:31 , RAM cost: 1.9352 GB 
 k:44, b:114, f:31 , RAM cost: 1.9377 GB 
 k:55, b:114, f:31 , RAM cost: 1.9402 GB 
 k:66, b:114, f:31 , RAM cost: 1.9429 GB 
 k:77, b:114, f:31 , RAM cost: 1.9453 GB 
 k:88, b:114, f:31 , RAM cost: 1.9473 GB 
 k:99, b:114, f:31 , RAM cost: 1.9494 GB 
 k:110, b:114, f:31 , RAM cost: 1.9516 GB 
 k:121, b:114, f:31 , RAM cost: 1.9518 GB 
 k:132, b:114, f:31 , RAM cost: 1.9537 GB 
 k:143, b:114, f:31 , RAM cost: 1.9557 GB 
 k:154, b:114, f:31 , RAM cost: 1.9559 GB 
 k:157, b:114, f:31 , RAM cost: 1.9579 GB 
 k:168, b:103, f:20 , RAM cost: 1.9598 GB 
 k:179, b:92, f:9 , RAM cost: 1.9618 GB 
 k:188, b:83, f:0  , RAM cost: 1.9616 GB  
 k:188, b:83, f:0 

slope: -0.04523,||b_1|| = 41229241, target_norm = 417447, BKZ cost: 619.239 s, walltime: 1532.308 sec, memory cost = 1.96 GB 
Starting a pnjBKZ-102-11 tour. 

 k:0, b:83, f:0 , RAM cost: 1.9636 GB 
 k:0, b:94, f:11 , RAM cost: 1.9637 GB 
 k:0, b:105, f:22 , RAM cost: 1.9635 GB 
 k:0, b:114, f:31 , RAM cost: 1.9656 GB 
 k:11, b:114, f:31 , RAM cost: 1.9676 GB 
 k:22, b:114, f:31 , RAM cost: 1.9678 GB 
 k:33, b:114, f:31 , RAM cost: 1.9679 GB 
 k:44, b:114, f:31 , RAM cost: 1.9700 GB 
 k:55, b:114, f:31 , RAM cost: 1.9719 GB 
 k:66, b:114, f:31 , RAM cost: 1.9720 GB 
 k:77, b:114, f:31 , RAM cost: 1.9724 GB 
 k:88, b:114, f:31 , RAM cost: 1.9724 GB 
 k:99, b:114, f:31 , RAM cost: 1.9745 GB 
 k:110, b:114, f:31 , RAM cost: 1.9745 GB 
 k:121, b:114, f:31 , RAM cost: 1.9763 GB 
 k:132, b:114, f:31 , RAM cost: 1.9784 GB 
 k:143, b:114, f:31 , RAM cost: 1.9785 GB 
 k:154, b:114, f:31 , RAM cost: 1.9784 GB 
 k:157, b:114, f:31 , RAM cost: 1.9804 GB 
 k:168, b:103, f:20 , RAM cost: 1.9803 GB 
 k:179, b:92, f:9 , RAM cost: 1.9803 GB 
 k:188, b:83, f:0  , RAM cost: 1.9802 GB  
 k:188, b:83, f:0 

slope: -0.04326,||b_1|| = 41229241, target_norm = 417447, BKZ cost: 693.115 s, walltime: 2225.423 sec, memory cost = 1.98 GB 
Starting a pnjBKZ-102-11 tour. 

 k:0, b:83, f:0 , RAM cost: 1.9803 GB 
 k:0, b:94, f:11 , RAM cost: 1.9820 GB 
 k:0, b:105, f:22 , RAM cost: 1.9821 GB 
 k:0, b:114, f:31 , RAM cost: 1.9823 GB 
 k:11, b:114, f:31 , RAM cost: 1.9822 GB 
 k:22, b:114, f:31 , RAM cost: 1.9821 GB 
 k:33, b:114, f:31 , RAM cost: 1.9823 GB 
 k:44, b:114, f:31 , RAM cost: 1.9824 GB 
 k:55, b:114, f:31 , RAM cost: 1.9824 GB 
 k:66, b:114, f:31 , RAM cost: 1.9826 GB 
 k:77, b:114, f:31 , RAM cost: 1.9827 GB 
 k:88, b:114, f:31 , RAM cost: 1.9826 GB 
 k:99, b:114, f:31 , RAM cost: 1.9826 GB 
 k:110, b:114, f:31 , RAM cost: 1.9827 GB 
 k:121, b:114, f:31 , RAM cost: 1.9828 GB 
 k:132, b:114, f:31 , RAM cost: 1.9828 GB 
 k:143, b:114, f:31 , RAM cost: 1.9826 GB 
 k:154, b:114, f:31 , RAM cost: 1.9830 GB 
 k:157, b:114, f:31 , RAM cost: 1.9830 GB 
 k:168, b:103, f:20 , RAM cost: 1.9830 GB 
 k:179, b:92, f:9 , RAM cost: 1.9831 GB 
 k:188, b:83, f:0  , RAM cost: 1.9831 GB  
 k:188, b:83, f:0 

slope: -0.04211,||b_1|| = 41229241, target_norm = 417447, BKZ cost: 675.879 s, walltime: 2901.303 sec, memory cost = 1.98 GB 
Starting a pnjBKZ-106-11 tour. 

 k:0, b:87, f:0 , RAM cost: 1.9830 GB 
 k:0, b:98, f:11 , RAM cost: 2.1422 GB 
 k:0, b:109, f:22 , RAM cost: 2.1441 GB 
 k:0, b:118, f:31 , RAM cost: 2.1458 GB 
 k:11, b:118, f:31 , RAM cost: 2.1471 GB 
 k:22, b:118, f:31 , RAM cost: 2.1496 GB 
 k:33, b:118, f:31 , RAM cost: 2.1508 GB 
 k:44, b:118, f:31 , RAM cost: 2.1510 GB 
 k:55, b:118, f:31 , RAM cost: 2.1521 GB 
 k:66, b:118, f:31 , RAM cost: 2.1535 GB 
 k:77, b:118, f:31 , RAM cost: 2.1546 GB 
 k:88, b:118, f:31 , RAM cost: 2.1561 GB 
 k:99, b:118, f:31 , RAM cost: 2.1560 GB 
 k:110, b:118, f:31 , RAM cost: 2.1570 GB 
 k:121, b:118, f:31 , RAM cost: 2.1586 GB 
 k:132, b:118, f:31 , RAM cost: 2.1600 GB 
 k:143, b:118, f:31 , RAM cost: 2.1617 GB 
 k:153, b:118, f:31 , RAM cost: 2.1637 GB 
 k:164, b:107, f:20 , RAM cost: 2.1651 GB 
 k:175, b:96, f:9 , RAM cost: 2.1651 GB 
 k:184, b:87, f:0  , RAM cost: 2.1650 GB  
 k:184, b:87, f:0 

slope: -0.04108,||b_1|| = 41229241, target_norm = 417447, BKZ cost: 820.716 s, walltime: 3722.019 sec, memory cost = 2.17 GB 
Starting a pnjBKZ-114-12 tour. 

 k:0, b:94, f:0 , RAM cost: 2.1661 GB 
 k:0, b:106, f:12 , RAM cost: 2.7203 GB 
 k:0, b:118, f:24 , RAM cost: 2.7255 GB 
 k:0, b:126, f:32 , RAM cost: 2.7325 GB 
 k:12, b:126, f:32 , RAM cost: 2.7378 GB 
 k:24, b:126, f:32 , RAM cost: 2.7410 GB 
 k:36, b:126, f:32 , RAM cost: 2.7473 GB 
 k:48, b:126, f:32 , RAM cost: 2.7480 GB 
 k:60, b:126, f:32 , RAM cost: 2.7490 GB 
 k:72, b:126, f:32 , RAM cost: 2.7502 GB 
 k:84, b:126, f:32 , RAM cost: 2.7512 GB 
 k:96, b:126, f:32 , RAM cost: 2.7522 GB 
 k:108, b:126, f:32 , RAM cost: 2.7534 GB 
 k:120, b:126, f:32 , RAM cost: 2.7545 GB 
 k:132, b:126, f:32 , RAM cost: 2.7558 GB 
 k:144, b:126, f:32 , RAM cost: 2.7582 GB 
 k:145, b:126, f:32 , RAM cost: 2.7599 GB 
 k:157, b:114, f:20 , RAM cost: 2.7600 GB 
 k:169, b:102, f:8 , RAM cost: 2.7601 GB 
 k:177, b:94, f:0  , RAM cost: 2.7607 GB  
 k:177, b:94, f:0 

slope: -0.03987,||b_1|| = 41229241, target_norm = 417447, BKZ cost: 1568.114 s, walltime: 5290.134 sec, memory cost = 2.76 GB 
Starting a pnjBKZ-118-12 tour. 

 k:0, b:98, f:0 , RAM cost: 2.7608 GB 
 k:0, b:110, f:12 , RAM cost: 3.4447 GB 
 k:0, b:122, f:24 , RAM cost: 3.4591 GB 
 k:0, b:130, f:32 , RAM cost: 3.4731 GB 
 k:12, b:130, f:32 , RAM cost: 3.4871 GB 
 k:24, b:130, f:32 , RAM cost: 3.5010 GB 
 k:36, b:130, f:32 , RAM cost: 3.5072 GB 
 k:48, b:130, f:32 , RAM cost: 3.5171 GB 
 k:60, b:130, f:32 , RAM cost: 3.5247 GB 
 k:72, b:130, f:32 , RAM cost: 3.5310 GB 
 k:84, b:130, f:32 , RAM cost: 3.5394 GB 
 k:96, b:130, f:32 , RAM cost: 3.5482 GB 
 k:108, b:130, f:32 , RAM cost: 3.5531 GB 
 k:120, b:130, f:32 , RAM cost: 3.5548 GB 
 k:132, b:130, f:32 , RAM cost: 3.5569 GB 
 k:141, b:130, f:32 , RAM cost: 3.5582 GB 
 k:153, b:118, f:20 , RAM cost: 3.5607 GB 
 k:165, b:106, f:8 , RAM cost: 3.5643 GB 
 k:173, b:98, f:0  , RAM cost: 3.5702 GB  
 k:173, b:98, f:0 

slope: -0.03871,||b_1|| = 34063090, target_norm = 417447, BKZ cost: 2300.758 s, walltime: 7590.892 sec, memory cost = 3.57 GB 
Starting a pnjBKZ-119-11 tour. 

 k:0, b:99, f:0 , RAM cost: 3.5702 GB 
 k:0, b:110, f:11 , RAM cost: 3.8046 GB 
 k:0, b:121, f:22 , RAM cost: 3.8054 GB 
 k:0, b:131, f:32 , RAM cost: 3.8059 GB 
 k:11, b:131, f:32 , RAM cost: 3.8069 GB 
 k:22, b:131, f:32 , RAM cost: 3.8096 GB 
 k:33, b:131, f:32 , RAM cost: 3.8094 GB 
 k:44, b:131, f:32 , RAM cost: 3.8096 GB 
 k:55, b:131, f:32 , RAM cost: 3.8095 GB 
 k:66, b:131, f:32 , RAM cost: 3.8096 GB 
 k:77, b:131, f:32 , RAM cost: 3.8096 GB 
 k:88, b:131, f:32 , RAM cost: 3.8095 GB 
 k:99, b:131, f:32 , RAM cost: 3.8095 GB 
 k:110, b:131, f:32 , RAM cost: 3.8095 GB 
 k:121, b:131, f:32 , RAM cost: 3.8096 GB 
 k:132, b:131, f:32 , RAM cost: 3.8096 GB 
 k:140, b:131, f:32 , RAM cost: 3.8095 GB 
 k:151, b:120, f:21 , RAM cost: 3.8094 GB 
 k:162, b:109, f:10 , RAM cost: 3.8095 GB 
 k:172, b:99, f:0  , RAM cost: 3.8096 GB  
 k:172, b:99, f:0 

slope: -0.03800,||b_1|| = 29825799, target_norm = 417447, BKZ cost: 2269.256 s, walltime: 9860.149 sec, memory cost = 3.81 GB 
Without otf, would expect solution at pump_{116, 155, 15},n_max = 143

Starting svp pump_{116, 155, 15}

 140: ↑ 50   , RAM cost:2.1885 GB    
 140: ↑ 51   , RAM cost:2.1885 GB    
 140: ↑ 51   , RAM cost:2.1885 GB    
 140: ↑ 52   , RAM cost:2.1885 GB    
 140: ↑ 52   , RAM cost:2.1885 GB    
 140: ↑ 53   , RAM cost:2.1885 GB    
 140: ↑ 53   , RAM cost:2.1885 GB    
 140: ↑ 54   , RAM cost:2.1885 GB    
 140: ↑ 54   , RAM cost:2.1885 GB    
 140: ↑ 55   , RAM cost:2.1885 GB    
 140: ↑ 55   , RAM cost:2.1885 GB    
 140: ↑ 56   , RAM cost:2.1885 GB    
 140: ↑ 56   , RAM cost:2.1885 GB    
 140: ↑ 57   , RAM cost:2.1885 GB    
 140: ↑ 57   , RAM cost:2.1892 GB    
 140: ↑ 58   , RAM cost:2.1892 GB    
 140: ↑ 58   , RAM cost:2.1897 GB    
 140: ↑ 59   , RAM cost:2.1897 GB    
 140: ↑ 59   , RAM cost:2.1905 GB    
 140: ↑ 60   , RAM cost:2.1905 GB    
 140: ↑ 60   , RAM cost:2.1913 GB    
 140: ↑ 61   , RAM cost:2.1913 GB    
 140: ↑ 61   , RAM cost:2.1923 GB    
 140: ↑ 62   , RAM cost:2.1923 GB    
 140: ↑ 62   , RAM cost:2.1935 GB    
 140: ↑ 63   , RAM cost:2.1935 GB    
 140: ↑ 63   , RAM cost:2.1948 GB    
 140: ↑ 64   , RAM cost:2.1948 GB    
 140: ↑ 64   , RAM cost:2.1963 GB    
 140: ↑ 65   , RAM cost:2.3215 GB    
 140: ↑ 65   , RAM cost:2.3233 GB    
 140: ↑ 66   , RAM cost:2.3233 GB    
 140: ↑ 66   , RAM cost:2.3251 GB    
 140: ↑ 67   , RAM cost:2.3251 GB    
 140: ↑ 67   , RAM cost:2.3276 GB    
 140: ↑ 68   , RAM cost:2.3276 GB    
 140: ↑ 68   , RAM cost:2.3304 GB    
 140: ↑ 69   , RAM cost:2.3304 GB    
 140: ↑ 69   , RAM cost:2.3334 GB    
 140: ↑ 70   , RAM cost:2.3334 GB    
 140: ↑ 70   , RAM cost:2.3372 GB    
 140: ↑ 71   , RAM cost:2.3372 GB    
 140: ↑ 71   , RAM cost:2.3413 GB    
 140: ↑ 72   , RAM cost:2.3413 GB    
 140: ↑ 72   , RAM cost:2.3461 GB    
 140: ↑ 73   , RAM cost:2.3461 GB    
 140: ↑ 73   , RAM cost:2.3516 GB    
 140: ↑ 74   , RAM cost:2.3516 GB    
 140: ↑ 74   , RAM cost:2.3582 GB    
 140: ↑ 75   , RAM cost:2.3582 GB    
 140: ↑ 75   , RAM cost:2.3655 GB    
 140: ↑ 76   , RAM cost:2.3655 GB    
 140: ↑ 76   , RAM cost:2.3740 GB    
 140: ↑ 77   , RAM cost:2.3740 GB    
 140: ↑ 77   , RAM cost:2.3841 GB    
 140: ↑ 78   , RAM cost:2.3841 GB    
 140: ↑ 78   , RAM cost:2.3954 GB    
 140: ↑ 79   , RAM cost:2.3954 GB    
 140: ↑ 79   , RAM cost:2.4088 GB    
 140: ↑ 80   , RAM cost:2.4088 GB    
 140: ↑ 80   , RAM cost:2.4239 GB    
 140: ↑ 81   , RAM cost:2.4239 GB    
 140: ↑ 81   , RAM cost:2.4416 GB    
 140: ↑ 82   , RAM cost:2.4416 GB    
 140: ↑ 82   , RAM cost:2.4619 GB    
 140: ↑ 83   , RAM cost:2.4619 GB    
 140: ↑ 83   , RAM cost:2.4854 GB    
 140: ↑ 84   , RAM cost:2.4854 GB    
 140: ↑ 84   , RAM cost:2.5124 GB    
 140: ↑ 85   , RAM cost:2.5124 GB    
 140: ↑ 85   , RAM cost:2.5438 GB    
 140: ↑ 86   , RAM cost:2.5438 GB    
 140: ↑ 86   , RAM cost:2.5798 GB    
 140: ↑ 87   , RAM cost:2.5798 GB    
 140: ↑ 87   , RAM cost:2.6216 GB    
 140: ↑ 88   , RAM cost:2.6217 GB    
 140: ↑ 88   , RAM cost:2.6698 GB    
 140: ↑ 89   , RAM cost:2.6698 GB    
 140: ↑ 89   , RAM cost:2.7254 GB    
 140: ↑ 90   , RAM cost:2.7254 GB    
 140: ↑ 90   , RAM cost:2.7896 GB    
 140: ↑ 91   , RAM cost:2.7896 GB    
 140: ↑ 91   , RAM cost:2.8640 GB    
 140: ↑ 92   , RAM cost:2.8640 GB    
 140: ↑ 92   , RAM cost:2.9496 GB    
 140: ↑ 93   , RAM cost:2.9496 GB    
 140: ↑ 93   , RAM cost:3.0485 GB    
 140: ↑ 94   , RAM cost:3.0485 GB    
 140: ↑ 94   , RAM cost:3.1627 GB    
 140: ↑ 95   , RAM cost:3.1627 GB    
 140: ↑ 95   , RAM cost:3.2946 GB    
 140: ↑ 96   , RAM cost:3.2946 GB    
 140: ↑ 96   , RAM cost:3.4469 GB    
 140: ↑ 97   , RAM cost:3.5717 GB    
 140: ↑ 97   , RAM cost:3.7478 GB    
 140: ↑ 98   , RAM cost:3.7478 GB    
 140: ↑ 98   , RAM cost:3.9508 GB    
 140: ↑ 99   , RAM cost:3.9508 GB    
 140: ↑ 99   , RAM cost:4.1853 GB    
 140: ↑100   , RAM cost:4.1853 GB    
 140: ↑100   , RAM cost:4.4560 GB    
 140: ↑101   , RAM cost:4.4560 GB    
 140: ↑101   , RAM cost:4.7686 GB    
 140: ↑102   , RAM cost:4.7686 GB    
 140: ↑102   , RAM cost:5.1328 GB    
 140: ↑103   , RAM cost:5.1328 GB    
 140: ↑103   , RAM cost:5.5551 GB    
 140: ↑104   , RAM cost:5.5551 GB    
 140: ↑104   , RAM cost:6.0410 GB    
 140: ↑105   , RAM cost:6.0410 GB    
 140: ↑105   , RAM cost:6.6104 GB    
 140: ↑106   , RAM cost:6.6104 GB    saturation issue: weakening pump.

 140: ↑106   , RAM cost:7.3069 GB    Solution: (-24, 5, -9, 2, -7, 8, -31, 42, 29, -31, 8, 51, 6, -1, -71, -29, -46, -24, 5, 5, 44, 5, 46, -54, -20, -4, -21, 18, 49, -87, 55, -22, 52, -63, -73, -25, 16, -12, 57, 16, -4, -7, 2, -55, -11, 11, -29, -56, 49, -9, -28, 13, 5, 30, 9, 57, 4, -24, 20, -37, -23, -23, -39, -18, -13, -2, 14, -14, 25, 56, -50, -18, -14, 19, 19, 0, -14, 31, -22, -5, 20, -21, 1, 6, -4, -28, -42, 12, -6, -32, 6, -11, 54, 23, -36, -72, 5, 66, -27, 21, 18, 16, -25, -16, 7, 0, -35, -44, -6, 32, 18, 18, 23, -46, -21, 34, 4, -51, -25, 22, -19, 21, -14, 2, -8, 3, 24, -47, 0, -7, 20, 31, -30, -10, -7, -2, 5, 1, 16, 10, 7, -73, 29, 29, -65, 4, -59, 26, 36, 18, 9, -10, -56, 30, -25, 20, 12, 3, 86, -16, 22, 55, -25, 15, 20, -2, 6, -1, 6, -2, -45, 20, 86, 6, -12, 16, 12, -84, 24, 43, 6, -6, -44, -24, 54, 18, -1, -8, -25, 37, 12, 33, -14, 46, -5, -49, 0, -12, 6, 7, -5, 15, -13, 24, -49, 9, -66, 18, 81, -40, 51, -47, 2, -56, 35, 12, 10, 12, -60, -33, 12, -5, -3, -39, -34, -27, -11, -13, -23, -27, 44, -1, -52, -19, -20, -7, -8, -37, 40, -15, 33, -4, 25, -30, 29, 26, 47, -23, -10, -12, 24, -41, 56, -2, -14, -17, 30, 6, -48, -43, 2, -13, 25, -22, -6, -16, -29, 1, -15, -44, 1)
slope: -0.03804, T_pump = 130.499 sec, RAM_pump = 7.307 GB, walltime: 9990.650 sec
Finished! TT=9990.96 sec
(-24, 5, -9, 2, -7, 8, -31, 42, 29, -31, 8, 51, 6, -1, -71, -29, -46, -24, 5, 5, 44, 5, 46, -54, -20, -4, -21, 18, 49, -87, 55, -22, 52, -63, -73, -25, 16, -12, 57, 16, -4, -7, 2, -55, -11, 11, -29, -56, 49, -9, -28, 13, 5, 30, 9, 57, 4, -24, 20, -37, -23, -23, -39, -18, -13, -2, 14, -14, 25, 56, -50, -18, -14, 19, 19, 0, -14, 31, -22, -5, 20, -21, 1, 6, -4, -28, -42, 12, -6, -32, 6, -11, 54, 23, -36, -72, 5, 66, -27, 21, 18, 16, -25, -16, 7, 0, -35, -44, -6, 32, 18, 18, 23, -46, -21, 34, 4, -51, -25, 22, -19, 21, -14, 2, -8, 3, 24, -47, 0, -7, 20, 31, -30, -10, -7, -2, 5, 1, 16, 10, 7, -73, 29, 29, -65, 4, -59, 26, 36, 18, 9, -10, -56, 30, -25, 20, 12, 3, 86, -16, 22, 55, -25, 15, 20, -2, 6, -1, 6, -2, -45, 20, 86, 6, -12, 16, 12, -84, 24, 43, 6, -6, -44, -24, 54, 18, -1, -8, -25, 37, 12, 33, -14, 46, -5, -49, 0, -12, 6, 7, -5, 15, -13, 24, -49, 9, -66, 18, 81, -40, 51, -47, 2, -56, 35, 12, 10, 12, -60, -33, 12, -5, -3, -39, -34, -27, -11, -13, -23, -27, 44, -1, -52, -19, -20, -7, -8, -37, 40, -15, 33, -4, 25, -30, 29, 26, 47, -23, -10, -12, 24, -41, 56, -2, -14, -17, 30, 6, -48, -43, 2, -13, 25, -22, -6, -16, -29, 1, -15, -44, 1)
